<?xml version="1.0" encoding="UTF-8"?>
<testsuite xmlns:xsi="http://www.w3.org/2001/XMLSchema-instance" xsi:noNamespaceSchemaLocation="https://maven.apache.org/surefire/maven-surefire-plugin/xsd/surefire-test-report-3.0.xsd" version="3.0" name="CustomTumblingWindowTest" time="3.449" tests="1" errors="0" skipped="0" failures="0">
  <properties>
    <property name="sun.desktop" value="windows"/>
    <property name="awt.toolkit" value="sun.awt.windows.WToolkit"/>
    <property name="java.specification.version" value="11"/>
    <property name="sun.cpu.isalist" value="amd64"/>
    <property name="sun.jnu.encoding" value="GBK"/>
    <property name="java.class.path" value="C:\Users\yuesiliu\Desktop\Reorder\team-1\master\target\test-classes;C:\Users\yuesiliu\Desktop\Reorder\team-1\master\target\classes;C:\Users\yuesiliu\.m2\repository\org\apache\flink\flink-walkthrough-common\1.16.0\flink-walkthrough-common-1.16.0.jar;C:\Users\yuesiliu\.m2\repository\org\slf4j\slf4j-api\1.7.32\slf4j-api-1.7.32.jar;C:\Users\yuesiliu\.m2\repository\com\google\code\findbugs\jsr305\1.3.9\jsr305-1.3.9.jar;C:\Users\yuesiliu\.m2\repository\org\apache\flink\flink-shaded-force-shading\15.0\flink-shaded-force-shading-15.0.jar;C:\Users\yuesiliu\.m2\repository\org\apache\flink\flink-streaming-java\1.16.0\flink-streaming-java-1.16.0.jar;C:\Users\yuesiliu\.m2\repository\org\apache\flink\flink-core\1.16.0\flink-core-1.16.0.jar;C:\Users\yuesiliu\.m2\repository\org\apache\flink\flink-annotations\1.16.0\flink-annotations-1.16.0.jar;C:\Users\yuesiliu\.m2\repository\org\apache\flink\flink-metrics-core\1.16.0\flink-metrics-core-1.16.0.jar;C:\Users\yuesiliu\.m2\repository\org\apache\flink\flink-shaded-asm-9\9.2-15.0\flink-shaded-asm-9-9.2-15.0.jar;C:\Users\yuesiliu\.m2\repository\org\apache\flink\flink-shaded-jackson\2.12.4-15.0\flink-shaded-jackson-2.12.4-15.0.jar;C:\Users\yuesiliu\.m2\repository\org\apache\commons\commons-lang3\3.3.2\commons-lang3-3.3.2.jar;C:\Users\yuesiliu\.m2\repository\com\esotericsoftware\kryo\kryo\2.24.0\kryo-2.24.0.jar;C:\Users\yuesiliu\.m2\repository\com\esotericsoftware\minlog\minlog\1.2\minlog-1.2.jar;C:\Users\yuesiliu\.m2\repository\org\objenesis\objenesis\2.1\objenesis-2.1.jar;C:\Users\yuesiliu\.m2\repository\commons-collections\commons-collections\3.2.2\commons-collections-3.2.2.jar;C:\Users\yuesiliu\.m2\repository\org\apache\commons\commons-compress\1.21\commons-compress-1.21.jar;C:\Users\yuesiliu\.m2\repository\org\apache\flink\flink-file-sink-common\1.16.0\flink-file-sink-common-1.16.0.jar;C:\Users\yuesiliu\.m2\repository\org\apache\flink\flink-runtime\1.16.0\flink-runtime-1.16.0.jar;C:\Users\yuesiliu\.m2\repository\org\apache\flink\flink-rpc-core\1.16.0\flink-rpc-core-1.16.0.jar;C:\Users\yuesiliu\.m2\repository\org\apache\flink\flink-rpc-akka-loader\1.16.0\flink-rpc-akka-loader-1.16.0.jar;C:\Users\yuesiliu\.m2\repository\org\apache\flink\flink-queryable-state-client-java\1.16.0\flink-queryable-state-client-java-1.16.0.jar;C:\Users\yuesiliu\.m2\repository\org\apache\flink\flink-hadoop-fs\1.16.0\flink-hadoop-fs-1.16.0.jar;C:\Users\yuesiliu\.m2\repository\commons-io\commons-io\2.11.0\commons-io-2.11.0.jar;C:\Users\yuesiliu\.m2\repository\org\apache\flink\flink-shaded-netty\4.1.70.Final-15.0\flink-shaded-netty-4.1.70.Final-15.0.jar;C:\Users\yuesiliu\.m2\repository\org\apache\flink\flink-shaded-zookeeper-3\3.5.9-15.0\flink-shaded-zookeeper-3-3.5.9-15.0.jar;C:\Users\yuesiliu\.m2\repository\org\javassist\javassist\3.24.0-GA\javassist-3.24.0-GA.jar;C:\Users\yuesiliu\.m2\repository\org\xerial\snappy\snappy-java\1.1.8.3\snappy-java-1.1.8.3.jar;C:\Users\yuesiliu\.m2\repository\org\lz4\lz4-java\1.8.0\lz4-java-1.8.0.jar;C:\Users\yuesiliu\.m2\repository\org\apache\flink\flink-java\1.16.0\flink-java-1.16.0.jar;C:\Users\yuesiliu\.m2\repository\com\twitter\chill-java\0.7.6\chill-java-0.7.6.jar;C:\Users\yuesiliu\.m2\repository\org\apache\flink\flink-shaded-guava\30.1.1-jre-15.0\flink-shaded-guava-30.1.1-jre-15.0.jar;C:\Users\yuesiliu\.m2\repository\org\apache\commons\commons-math3\3.6.1\commons-math3-3.6.1.jar;C:\Users\yuesiliu\.m2\repository\org\apache\flink\flink-clients\1.16.0\flink-clients-1.16.0.jar;C:\Users\yuesiliu\.m2\repository\org\apache\flink\flink-optimizer\1.16.0\flink-optimizer-1.16.0.jar;C:\Users\yuesiliu\.m2\repository\commons-cli\commons-cli\1.5.0\commons-cli-1.5.0.jar;C:\Users\yuesiliu\.m2\repository\org\apache\logging\log4j\log4j-slf4j-impl\2.17.1\log4j-slf4j-impl-2.17.1.jar;C:\Users\yuesiliu\.m2\repository\org\apache\logging\log4j\log4j-api\2.17.1\log4j-api-2.17.1.jar;C:\Users\yuesiliu\.m2\repository\org\apache\logging\log4j\log4j-core\2.17.1\log4j-core-2.17.1.jar;C:\Users\yuesiliu\.m2\repository\org\apache\flink\flink-statebackend-rocksdb_2.11\1.10.0\flink-statebackend-rocksdb_2.11-1.10.0.jar;C:\Users\yuesiliu\.m2\repository\com\data-artisans\frocksdbjni\5.17.2-artisans-2.0\frocksdbjni-5.17.2-artisans-2.0.jar;C:\Users\yuesiliu\.m2\repository\org\apache\flink\force-shading\1.10.0\force-shading-1.10.0.jar;C:\Users\yuesiliu\.m2\repository\junit\junit\4.13.2\junit-4.13.2.jar;C:\Users\yuesiliu\.m2\repository\org\hamcrest\hamcrest-core\1.3\hamcrest-core-1.3.jar;"/>
    <property name="java.vm.vendor" value="Oracle Corporation"/>
    <property name="sun.arch.data.model" value="64"/>
    <property name="user.variant" value=""/>
    <property name="java.vendor.url" value="https://openjdk.java.net/"/>
    <property name="user.timezone" value="America/New_York"/>
    <property name="java.vm.specification.version" value="11"/>
    <property name="os.name" value="Windows 10"/>
    <property name="sun.java.launcher" value="SUN_STANDARD"/>
    <property name="user.country" value="CN"/>
    <property name="sun.boot.library.path" value="D:\Java JDK 11.0.17\jdk-11.0.17\bin"/>
    <property name="sun.java.command" value="C:\Users\yuesiliu\AppData\Local\Temp\surefire18408541385265263632\surefirebooter-20230430235246591_3.jar C:\Users\yuesiliu\AppData\Local\Temp\surefire18408541385265263632 2023-04-30T23-52-43_803-jvmRun1 surefire-20230430235246591_1tmp surefire_0-20230430235246591_2tmp"/>
    <property name="jdk.debug" value="release"/>
    <property name="surefire.test.class.path" value="C:\Users\yuesiliu\Desktop\Reorder\team-1\master\target\test-classes;C:\Users\yuesiliu\Desktop\Reorder\team-1\master\target\classes;C:\Users\yuesiliu\.m2\repository\org\apache\flink\flink-walkthrough-common\1.16.0\flink-walkthrough-common-1.16.0.jar;C:\Users\yuesiliu\.m2\repository\org\slf4j\slf4j-api\1.7.32\slf4j-api-1.7.32.jar;C:\Users\yuesiliu\.m2\repository\com\google\code\findbugs\jsr305\1.3.9\jsr305-1.3.9.jar;C:\Users\yuesiliu\.m2\repository\org\apache\flink\flink-shaded-force-shading\15.0\flink-shaded-force-shading-15.0.jar;C:\Users\yuesiliu\.m2\repository\org\apache\flink\flink-streaming-java\1.16.0\flink-streaming-java-1.16.0.jar;C:\Users\yuesiliu\.m2\repository\org\apache\flink\flink-core\1.16.0\flink-core-1.16.0.jar;C:\Users\yuesiliu\.m2\repository\org\apache\flink\flink-annotations\1.16.0\flink-annotations-1.16.0.jar;C:\Users\yuesiliu\.m2\repository\org\apache\flink\flink-metrics-core\1.16.0\flink-metrics-core-1.16.0.jar;C:\Users\yuesiliu\.m2\repository\org\apache\flink\flink-shaded-asm-9\9.2-15.0\flink-shaded-asm-9-9.2-15.0.jar;C:\Users\yuesiliu\.m2\repository\org\apache\flink\flink-shaded-jackson\2.12.4-15.0\flink-shaded-jackson-2.12.4-15.0.jar;C:\Users\yuesiliu\.m2\repository\org\apache\commons\commons-lang3\3.3.2\commons-lang3-3.3.2.jar;C:\Users\yuesiliu\.m2\repository\com\esotericsoftware\kryo\kryo\2.24.0\kryo-2.24.0.jar;C:\Users\yuesiliu\.m2\repository\com\esotericsoftware\minlog\minlog\1.2\minlog-1.2.jar;C:\Users\yuesiliu\.m2\repository\org\objenesis\objenesis\2.1\objenesis-2.1.jar;C:\Users\yuesiliu\.m2\repository\commons-collections\commons-collections\3.2.2\commons-collections-3.2.2.jar;C:\Users\yuesiliu\.m2\repository\org\apache\commons\commons-compress\1.21\commons-compress-1.21.jar;C:\Users\yuesiliu\.m2\repository\org\apache\flink\flink-file-sink-common\1.16.0\flink-file-sink-common-1.16.0.jar;C:\Users\yuesiliu\.m2\repository\org\apache\flink\flink-runtime\1.16.0\flink-runtime-1.16.0.jar;C:\Users\yuesiliu\.m2\repository\org\apache\flink\flink-rpc-core\1.16.0\flink-rpc-core-1.16.0.jar;C:\Users\yuesiliu\.m2\repository\org\apache\flink\flink-rpc-akka-loader\1.16.0\flink-rpc-akka-loader-1.16.0.jar;C:\Users\yuesiliu\.m2\repository\org\apache\flink\flink-queryable-state-client-java\1.16.0\flink-queryable-state-client-java-1.16.0.jar;C:\Users\yuesiliu\.m2\repository\org\apache\flink\flink-hadoop-fs\1.16.0\flink-hadoop-fs-1.16.0.jar;C:\Users\yuesiliu\.m2\repository\commons-io\commons-io\2.11.0\commons-io-2.11.0.jar;C:\Users\yuesiliu\.m2\repository\org\apache\flink\flink-shaded-netty\4.1.70.Final-15.0\flink-shaded-netty-4.1.70.Final-15.0.jar;C:\Users\yuesiliu\.m2\repository\org\apache\flink\flink-shaded-zookeeper-3\3.5.9-15.0\flink-shaded-zookeeper-3-3.5.9-15.0.jar;C:\Users\yuesiliu\.m2\repository\org\javassist\javassist\3.24.0-GA\javassist-3.24.0-GA.jar;C:\Users\yuesiliu\.m2\repository\org\xerial\snappy\snappy-java\1.1.8.3\snappy-java-1.1.8.3.jar;C:\Users\yuesiliu\.m2\repository\org\lz4\lz4-java\1.8.0\lz4-java-1.8.0.jar;C:\Users\yuesiliu\.m2\repository\org\apache\flink\flink-java\1.16.0\flink-java-1.16.0.jar;C:\Users\yuesiliu\.m2\repository\com\twitter\chill-java\0.7.6\chill-java-0.7.6.jar;C:\Users\yuesiliu\.m2\repository\org\apache\flink\flink-shaded-guava\30.1.1-jre-15.0\flink-shaded-guava-30.1.1-jre-15.0.jar;C:\Users\yuesiliu\.m2\repository\org\apache\commons\commons-math3\3.6.1\commons-math3-3.6.1.jar;C:\Users\yuesiliu\.m2\repository\org\apache\flink\flink-clients\1.16.0\flink-clients-1.16.0.jar;C:\Users\yuesiliu\.m2\repository\org\apache\flink\flink-optimizer\1.16.0\flink-optimizer-1.16.0.jar;C:\Users\yuesiliu\.m2\repository\commons-cli\commons-cli\1.5.0\commons-cli-1.5.0.jar;C:\Users\yuesiliu\.m2\repository\org\apache\logging\log4j\log4j-slf4j-impl\2.17.1\log4j-slf4j-impl-2.17.1.jar;C:\Users\yuesiliu\.m2\repository\org\apache\logging\log4j\log4j-api\2.17.1\log4j-api-2.17.1.jar;C:\Users\yuesiliu\.m2\repository\org\apache\logging\log4j\log4j-core\2.17.1\log4j-core-2.17.1.jar;C:\Users\yuesiliu\.m2\repository\org\apache\flink\flink-statebackend-rocksdb_2.11\1.10.0\flink-statebackend-rocksdb_2.11-1.10.0.jar;C:\Users\yuesiliu\.m2\repository\com\data-artisans\frocksdbjni\5.17.2-artisans-2.0\frocksdbjni-5.17.2-artisans-2.0.jar;C:\Users\yuesiliu\.m2\repository\org\apache\flink\force-shading\1.10.0\force-shading-1.10.0.jar;C:\Users\yuesiliu\.m2\repository\junit\junit\4.13.2\junit-4.13.2.jar;C:\Users\yuesiliu\.m2\repository\org\hamcrest\hamcrest-core\1.3\hamcrest-core-1.3.jar;"/>
    <property name="sun.cpu.endian" value="little"/>
    <property name="user.home" value="C:\Users\yuesiliu"/>
    <property name="user.language" value="zh"/>
    <property name="java.specification.vendor" value="Oracle Corporation"/>
    <property name="java.version.date" value="2022-10-18"/>
    <property name="java.home" value="D:\Java JDK 11.0.17\jdk-11.0.17"/>
    <property name="file.separator" value="\"/>
    <property name="basedir" value="C:\Users\yuesiliu\Desktop\Reorder\team-1\master"/>
    <property name="java.vm.compressedOopsMode" value="Zero based"/>
    <property name="line.separator" value="&#10;"/>
    <property name="java.specification.name" value="Java Platform API Specification"/>
    <property name="java.vm.specification.vendor" value="Oracle Corporation"/>
    <property name="java.awt.graphicsenv" value="sun.awt.Win32GraphicsEnvironment"/>
    <property name="surefire.real.class.path" value="C:\Users\yuesiliu\AppData\Local\Temp\surefire18408541385265263632\surefirebooter-20230430235246591_3.jar"/>
    <property name="user.script" value=""/>
    <property name="sun.management.compiler" value="HotSpot 64-Bit Tiered Compilers"/>
    <property name="java.runtime.version" value="11.0.17+10-LTS-269"/>
    <property name="user.name" value="yuesiliu"/>
    <property name="path.separator" value=";"/>
    <property name="os.version" value="10.0"/>
    <property name="java.runtime.name" value="Java(TM) SE Runtime Environment"/>
    <property name="file.encoding" value="GBK"/>
    <property name="sun.nio.ch.bugLevel" value=""/>
    <property name="java.vm.name" value="Java HotSpot(TM) 64-Bit Server VM"/>
    <property name="java.vendor.version" value="18.9"/>
    <property name="localRepository" value="C:\Users\yuesiliu\.m2\repository"/>
    <property name="java.vendor.url.bug" value="https://bugreport.java.com/bugreport/"/>
    <property name="java.io.tmpdir" value="C:\Users\yuesiliu\AppData\Local\Temp\"/>
    <property name="java.version" value="11.0.17"/>
    <property name="user.dir" value="C:\Users\yuesiliu\Desktop\Reorder\team-1\master"/>
    <property name="os.arch" value="amd64"/>
    <property name="java.vm.specification.name" value="Java Virtual Machine Specification"/>
    <property name="java.awt.printerjob" value="sun.awt.windows.WPrinterJob"/>
    <property name="sun.os.patch.level" value=""/>
    <property name="java.library.path" value="D:\Java JDK 11.0.17\jdk-11.0.17\bin;C:\WINDOWS\Sun\Java\bin;C:\WINDOWS\system32;C:\WINDOWS;D:\Java JDK 11.0.17\jdk-11.0.17\bin;D:\VM\bin\;D:\Python\Python3.9.7\Scripts\;D:\Python\Python3.9.7\;C:\Program Files (x86)\Common Files\Intel\Shared Libraries\redist\intel64\compiler;C:\Program Files\Common Files\Oracle\Java\javapath;C:\Program Files (x86)\Common Files\Oracle\Java\javapath;C:\Program Files (x86)\Intel\iCLS Client\;C:\Program Files\Intel\iCLS Client\;C:\Windows\system32;C:\Windows;C:\Windows\System32\Wbem;C:\Windows\System32\WindowsPowerShell\v1.0\;C:\Program Files (x86)\NVIDIA Corporation\PhysX\Common;C:\Program Files (x86)\Intel\Intel(R) Management Engine Components\DAL;C:\Program Files\Intel\Intel(R) Management Engine Components\DAL;C:\Program Files (x86)\Intel\Intel(R) Management Engine Components\IPT;C:\Program Files\Intel\Intel(R) Management Engine Components\IPT;C:\Program Files\Microsoft SQL Server\130\Tools\Binn\;C:\WINDOWS\system32;C:\WINDOWS;C:\WINDOWS\System32\Wbem;C:\WINDOWS\System32\WindowsPowerShell\v1.0\;C:\WINDOWS\System32\OpenSSH\;C:\Users\yuesiliu\AppData\Local\Programs\Python\Python37-32\Scripts;C:\sqlite3;D:\Python 3.5.4;D:\Vagrant\bin;C:\Program Files (x86)\Wolfram Research\WolframScript\;D:\Matlab\bin;C:\Program Files\Intel\WiFi\bin\;C:\Program Files\Common Files\Intel\WirelessCommon\;C:\Program Files\nodejs\;D:\Newest Maven\apache-maven-3.9.0\bin;D:\微信开发工具\微信web开发者工具\dll;E:\Git\cmd;D:\Putty\;D:\Ant\apache-ant-1.10.12-bin\apache-ant-1.10.12\bin;C:\Program Files\dotnet\;D:\PGP\Gpg4win\..\GnuPG\bin;C:\Program Files\Docker\Docker\resources\bin;C:\Program Files\OpenSSL-Win64\bin;C:\Program Files\MySQL\MySQL Shell 8.0\bin\;D:\Python\Python3.9.7\Scripts;D:\Python\Python3.9.7;C:\Users\yuesiliu\AppData\Local\Microsoft\WindowsApps;C:\Users\yuesiliu\anaconda3\Scripts;C:\Users\yuesiliu\anaconda3\Library\bin;C:\Users\yuesiliu\anaconda3;C:\Users\yuesiliu\AppData\Roaming\npm;C:\Program Files\nodejs;D:\微信开发工具\微信web开发者工具\dll;D:\WebStorm\WebStorm 2022.1\bin;;D:\VsCode\Microsoft VS Code\bin;D:\Intellij newest\IntelliJ IDEA Community Edition 2022.2.2\bin;;C:\Users\yuesiliu\Desktop\Flink\flink-1.16.1\bin;;."/>
    <property name="java.vendor" value="Oracle Corporation"/>
    <property name="java.vm.info" value="mixed mode"/>
    <property name="java.vm.version" value="11.0.17+10-LTS-269"/>
    <property name="sun.io.unicode.encoding" value="UnicodeLittle"/>
    <property name="java.class.version" value="55.0"/>
  </properties>
  <testcase name="testCustomTumblingWindowSlices" classname="CustomTumblingWindowTest" time="3.447">
    <system-out><![CDATA[23:53:07,303 WARN  org.apache.flink.runtime.webmonitor.WebMonitorUtils          [] - Log file environment variable 'log.file' is not set.
23:53:07,303 WARN  org.apache.flink.runtime.webmonitor.WebMonitorUtils          [] - JobManager log files are unavailable in the web dashboard. Log file location not found in environment variable 'log.file' or configuration key 'web.log.path'.
Keyed transaction: 2 - 1.682913187486E12
Keyed Transaction: > (2,1.682913187486E12)
Accumulator: 2  -  1.682913187486E12
Value(the next integer to add to the sum): 2 - 0.0
Accumulator(Current Sum) before aggregation: (2,1.682913187486E12)
Result of aggregation: 2  -  1.682913187486E12
Keyed transaction: 2 - 1.682913187601E12
Keyed Transaction: > (2,1.682913187601E12)
Accumulator: 2  -  1.682913187601E12
Keyed transaction: 5 - 1.682913187709E12
Value(the next integer to add to the sum): 2 - 1.682913187486E12
Accumulator(Current Sum) before aggregation: (2,1.682913187601E12)
Result of aggregation: 2  -  3.365826375087E12
Keyed Transaction: > (5,1.682913187709E12)
Accumulator: 5  -  1.682913187709E12
Keyed transaction: 5 - 1.682913187819E12
Value(the next integer to add to the sum): 5 - 0.0
Accumulator(Current Sum) before aggregation: (5,1.682913187709E12)
Result of aggregation: 5  -  1.682913187709E12
Keyed Transaction: > (5,1.682913187819E12)
Accumulator: 5  -  1.682913187819E12
Keyed transaction: 1 - 1.682913187928E12
Value(the next integer to add to the sum): 5 - 1.682913187709E12
Accumulator(Current Sum) before aggregation: (5,1.682913187819E12)
Result of aggregation: 5  -  3.365826375528E12
Keyed Transaction: > (1,1.682913187928E12)
Accumulator: 1  -  1.682913187928E12
Keyed transaction: 4 - 1.682913188038E12
Value(the next integer to add to the sum): 1 - 0.0
Accumulator(Current Sum) before aggregation: (1,1.682913187928E12)
Result of aggregation: 1  -  1.682913187928E12
Keyed Transaction: > (4,1.682913188038E12)
the key after the storage is: 50 the value is: 1.682913187486E12
the key before the storage is: 2 the value is: 1.682913187486E12
Accumulator: 2  -  1.682913187486E12
Value(the next integer to add to the sum): 2 - 0.0
Accumulator(Current Sum) before aggregation: (2,1.682913187486E12)
Result of aggregation: 2  -  1.682913187486E12
Accumulator: 4  -  1.682913188038E12
Keyed transaction: 1 - 1.682913188148E12
Value(the next integer to add to the sum): 4 - 0.0
Accumulator(Current Sum) before aggregation: (4,1.682913188038E12)
Result of aggregation: 4  -  1.682913188038E12
Keyed Transaction: > (1,1.682913188148E12)
the key after the storage is: 50 the value is: 1.682913187601E12
the key before the storage is: 2 the value is: 1.682913187601E12
Accumulator: 2  -  1.682913187601E12
Value(the next integer to add to the sum): 2 - 1.682913187486E12
Accumulator(Current Sum) before aggregation: (2,1.682913187601E12)
Result of aggregation: 2  -  3.365826375087E12
the key after the storage is: 53 the value is: 1.682913187709E12
the key before the storage is: 5 the value is: 1.682913187709E12
Keyed transaction: 2 - 1.68291318826E12
Accumulator: 1  -  1.682913188148E12
Value(the next integer to add to the sum): 1 - 1.682913187928E12
Accumulator(Current Sum) before aggregation: (1,1.682913188148E12)
Result of aggregation: 1  -  3.365826376076E12
Keyed Transaction: > (2,1.68291318826E12)
Accumulator: 5  -  1.682913187709E12
Value(the next integer to add to the sum): 5 - 0.0
Accumulator(Current Sum) before aggregation: (5,1.682913187709E12)
Result of aggregation: 5  -  1.682913187709E12
the key after the storage is: 53 the value is: 1.682913187819E12
the key before the storage is: 5 the value is: 1.682913187819E12
Accumulator: 5  -  1.682913187819E12
Value(the next integer to add to the sum): 5 - 1.682913187709E12
Accumulator(Current Sum) before aggregation: (5,1.682913187819E12)
Result of aggregation: 5  -  3.365826375528E12
Accumulator: 2  -  1.68291318826E12
Keyed transaction: 1 - 1.682913188369E12
Value(the next integer to add to the sum): 2 - 3.365826375087E12
Accumulator(Current Sum) before aggregation: (2,1.68291318826E12)
Result of aggregation: 2  -  5.048739563347E12
Keyed Transaction: > (1,1.682913188369E12)
the key after the storage is: 49 the value is: 1.682913187928E12
the key before the storage is: 1 the value is: 1.682913187928E12
Accumulator: 1  -  1.682913187928E12
Value(the next integer to add to the sum): 1 - 0.0
Accumulator(Current Sum) before aggregation: (1,1.682913187928E12)
Result of aggregation: 1  -  1.682913187928E12
the key after the storage is: 52 the value is: 1.682913188038E12
the key before the storage is: 4 the value is: 1.682913188038E12
Accumulator: 4  -  1.682913188038E12
Value(the next integer to add to the sum): 4 - 0.0
Accumulator(Current Sum) before aggregation: (4,1.682913188038E12)
Result of aggregation: 4  -  1.682913188038E12
Accumulator: 1  -  1.682913188369E12
Keyed transaction: 3 - 1.682913188479E12
Value(the next integer to add to the sum): 1 - 3.365826376076E12
Accumulator(Current Sum) before aggregation: (1,1.682913188369E12)
Result of aggregation: 1  -  5.048739564445E12
Keyed Transaction: > (3,1.682913188479E12)
Accumulator: 3  -  1.682913188479E12
Value(the next integer to add to the sum): 3 - 0.0
Accumulator(Current Sum) before aggregation: (3,1.682913188479E12)
Result of aggregation: 3  -  1.682913188479E12
Default Aggregated Transaction: > (2,5.048739563347E12)
Default Aggregated Transaction: > (3,1.682913188479E12)
Default Aggregated Transaction: > (4,1.682913188038E12)
Default Aggregated Transaction: > (1,5.048739564445E12)
Default Aggregated Transaction: > (5,3.365826375528E12)
the key after the storage is: 49 the value is: 1.682913188148E12
the key before the storage is: 1 the value is: 1.682913188148E12
Accumulator: 1  -  1.682913188148E12
Value(the next integer to add to the sum): 1 - 1.682913187928E12
Accumulator(Current Sum) before aggregation: (1,1.682913188148E12)
Result of aggregation: 1  -  3.365826376076E12
the key after the storage is: 50 the value is: 1.68291318826E12
the key before the storage is: 2 the value is: 1.68291318826E12
Accumulator: 2  -  1.68291318826E12
Value(the next integer to add to the sum): 2 - 3.365826375087E12
Accumulator(Current Sum) before aggregation: (2,1.68291318826E12)
Result of aggregation: 2  -  5.048739563347E12
the key after the storage is: 49 the value is: 1.682913188369E12
the key before the storage is: 1 the value is: 1.682913188369E12
Accumulator: 1  -  1.682913188369E12
Value(the next integer to add to the sum): 1 - 3.365826376076E12
Accumulator(Current Sum) before aggregation: (1,1.682913188369E12)
Result of aggregation: 1  -  5.048739564445E12
the key after the storage is: 51 the value is: 1.682913188479E12
the key before the storage is: 3 the value is: 1.682913188479E12
Accumulator: 3  -  1.682913188479E12
Value(the next integer to add to the sum): 3 - 0.0
Accumulator(Current Sum) before aggregation: (3,1.682913188479E12)
Result of aggregation: 3  -  1.682913188479E12
]]></system-out>
  </testcase>
</testsuite>